[debug] [2019-11-16T14:20:12.551Z] ----------------------------------------------------------------------
[debug] [2019-11-16T14:20:12.552Z] Command:       /usr/local/bin/node /Users/eosumin/.npm-global/bin/firebase serve --only functions
[debug] [2019-11-16T14:20:12.553Z] CLI Version:   7.7.0
[debug] [2019-11-16T14:20:12.553Z] Platform:      darwin
[debug] [2019-11-16T14:20:12.553Z] Node Version:  v12.13.0
[debug] [2019-11-16T14:20:12.553Z] Time:          Sat Nov 16 2019 23:20:12 GMT+0900 (GMT+09:00)
[debug] [2019-11-16T14:20:12.553Z] ----------------------------------------------------------------------
[debug] [2019-11-16T14:20:12.553Z] 
[debug] [2019-11-16T14:20:12.562Z] > command requires scopes: ["email","openid","https://www.googleapis.com/auth/cloudplatformprojects.readonly","https://www.googleapis.com/auth/firebase","https://www.googleapis.com/auth/cloud-platform"]
[debug] [2019-11-16T14:20:12.562Z] > authorizing via signed-in user
[debug] [2019-11-16T14:20:12.562Z] [iam] checking project tunnel-note for permissions ["firebase.projects.get"]
[debug] [2019-11-16T14:20:12.564Z] >>> HTTP REQUEST POST https://cloudresourcemanager.googleapis.com/v1/projects/tunnel-note:testIamPermissions  

[debug] [2019-11-16T14:20:13.523Z] <<< HTTP RESPONSE 200
[debug] [2019-11-16T14:20:13.525Z] >>> HTTP REQUEST GET https://firebase.googleapis.com/v1beta1/projects/tunnel-note  
 
[debug] [2019-11-16T14:20:14.442Z] <<< HTTP RESPONSE 200
[warn] ⚠  Your requested "node" version "8" doesn't match your global version "12"
[info] ✔  functions: Emulator started at http://localhost:5000
[info] i  functions: Watching "/Users/eosumin/Desktop/capstone/Tunnel-note/login/tunnel login/functions" for Cloud Functions...
[debug] [2019-11-16T14:20:14.723Z] [worker-~diagnostic~-828b1fa0-ef80-4b3f-9e28-200fb578cf7d]: BUSY
[debug] [2019-11-16T14:20:14.919Z] [runtime-status] Functions runtime initialized. {"cwd":"/Users/eosumin/Desktop/capstone/Tunnel-note/login/tunnel login/functions","node_version":"12.13.0"}
[debug] [2019-11-16T14:20:14.919Z] [runtime-status] Disabled runtime features: {"functions_config_helper":true,"network_filtering":true,"timeout":true,"memory_limiting":true,"admin_stubs":true} {}
[debug] [2019-11-16T14:20:14.922Z] [runtime-status] Resolved module firebase-admin {"declared":true,"installed":true,"version":"8.7.0","resolution":"/Users/eosumin/Desktop/capstone/Tunnel-note/login/tunnel login/functions/node_modules/firebase-admin/lib/index.js"}
[debug] [2019-11-16T14:20:14.924Z] [runtime-status] Resolved module firebase-functions {"declared":true,"installed":true,"version":"3.3.0","resolution":"/Users/eosumin/Desktop/capstone/Tunnel-note/login/tunnel login/functions/node_modules/firebase-functions/lib/index.js"}
[debug] [2019-11-16T14:20:14.924Z] [runtime-status] Resolved module firebase-functions {"declared":true,"installed":true,"version":"3.3.0","resolution":"/Users/eosumin/Desktop/capstone/Tunnel-note/login/tunnel login/functions/node_modules/firebase-functions/lib/index.js"}
[info] ✔  functions[app]: http function initialized (http://localhost:5000/tunnel-note/us-central1/app).
[info] >  server running on port 8000
[debug] [2019-11-16T14:20:15.318Z] [worker-~diagnostic~-828b1fa0-ef80-4b3f-9e28-200fb578cf7d]: exited
[debug] [2019-11-16T14:20:15.318Z] [worker-~diagnostic~-828b1fa0-ef80-4b3f-9e28-200fb578cf7d]: FINISHED
